Using pre-set license
Built from '2020.2/staging' branch; Version is '2020.2.7f1 (c53830e277f1) revision 12924976'; Using compiler version '192528614'; Build Type 'Release'
OS: 'Windows 10 Home China; OS build 19044.1766; Version 2009; 64bit' Language: 'zh' Physical Memory: 16253 MB
BatchMode: 1, IsHumanControllingUs: 0, StartBugReporterOnCrash: 0, Is64bit: 1, IsPro: 0

 COMMAND LINE ARGUMENTS:
D:\__easyHelper__\2020.2.7f1\Editor\Unity.exe
-adb2
-batchMode
-noUpm
-name
AssetImportWorker0
-projectPath
D:/2345Downloads/New Unity Project/Robbie
-logFile
Logs/AssetImportWorker0.log
-srvPort
8188
Successfully changed project path to: D:/2345Downloads/New Unity Project/Robbie
D:/2345Downloads/New Unity Project/Robbie
Using Asset Import Pipeline V2.
Refreshing native plugins compatible for Editor in 40.12 ms, found 1 plugins.
Preloading 0 native plugins for Editor in 0.00 ms.
Initialize engine version: 2020.2.7f1 (c53830e277f1)
[Subsystems] Discovering subsystems at path D:/__easyHelper__/2020.2.7f1/Editor/Data/Resources/UnitySubsystems
[Subsystems] Discovering subsystems at path D:/2345Downloads/New Unity Project/Robbie/Assets
GfxDevice: creating device client; threaded=0
Direct3D:
    Version:  Direct3D 11.0 [level 11.1]
    Renderer: NVIDIA GeForce GTX 1650 (ID=0x1f99)
    Vendor:   
    VRAM:     3962 MB
    Driver:   27.21.14.5749
Initialize mono
Mono path[0] = 'D:/__easyHelper__/2020.2.7f1/Editor/Data/Managed'
Mono path[1] = 'D:/__easyHelper__/2020.2.7f1/Editor/Data/MonoBleedingEdge/lib/mono/unityjit'
Mono config path = 'D:/__easyHelper__/2020.2.7f1/Editor/Data/MonoBleedingEdge/etc'
Using monoOptions --debugger-agent=transport=dt_socket,embedding=1,server=y,suspend=n,address=127.0.0.1:56180
Begin MonoManager ReloadAssembly
Registering precompiled unity dll's ...
Register platform support module: D:/__easyHelper__/2020.2.7f1/Editor/Data/PlaybackEngines/WindowsStandaloneSupport/UnityEditor.WindowsStandalone.Extensions.dll
Registered in 0.000898 seconds.
Native extension for WindowsStandalone target not found
Refreshing native plugins compatible for Editor in 39.22 ms, found 1 plugins.
Preloading 0 native plugins for Editor in 0.00 ms.
Invoked RoslynAnalysisRunner static constructor.
RoslynAnalysisRunner will not be running.
RoslynAnalysisRunner has terminated.
Mono: successfully reloaded assembly
- Completed reload, in  1.039 seconds
Platform modules already initialized, skipping
Registering precompiled user dll's ...
Registered in 0.000876 seconds.
Begin MonoManager ReloadAssembly
Native extension for WindowsStandalone target not found
Refreshing native plugins compatible for Editor in 46.50 ms, found 1 plugins.
Preloading 0 native plugins for Editor in 0.00 ms.
Invoked RoslynAnalysisRunner static constructor.
RoslynAnalysisRunner will not be running.
RoslynAnalysisRunner has terminated.
Mono: successfully reloaded assembly
- Completed reload, in  0.925 seconds
Platform modules already initialized, skipping
========================================================================
Worker process is ready to serve import requests
Launched and connected shader compiler UnityShaderCompiler.exe after 0.05 seconds
Refreshing native plugins compatible for Editor in 0.45 ms, found 1 plugins.
Preloading 0 native plugins for Editor in 0.00 ms.
Unloading 2130 Unused Serialized files (Serialized files now loaded: 0)
System memory in use before: 117.7 MB.
System memory in use after: 117.8 MB.

Unloading 21 unused Assets to reduce memory usage. Loaded Objects now: 2597.
Total: 3.041200 ms (FindLiveObjects: 0.495800 ms CreateObjectMapping: 0.212300 ms MarkObjects: 2.217900 ms  DeleteObjects: 0.112800 ms)

========================================================================
Received Import Request.
  path: Assets/Scripts/EmissionPulse.cs
  artifactKey: Guid(aaa4c75caf6ecf741ab77824b7e25c2b) Importer(815301076,1909f56bfc062723c751e8b465ee728b)
Start importing Assets/Scripts/EmissionPulse.cs using Guid(aaa4c75caf6ecf741ab77824b7e25c2b) Importer(815301076,1909f56bfc062723c751e8b465ee728b)  -> (artifact id: 'c709d839d6ba5099f51b0b719a7a9424') in 0.055236 seconds
  Import took 0.058916 seconds .

========================================================================
Received Import Request.
  Time since last request: 0.000323 seconds.
  path: Assets/Scripts/Audiomanager.cs
  artifactKey: Guid(9aa9bc17fb11d6b43b9817a9c36b3805) Importer(815301076,1909f56bfc062723c751e8b465ee728b)
Start importing Assets/Scripts/Audiomanager.cs using Guid(9aa9bc17fb11d6b43b9817a9c36b3805) Importer(815301076,1909f56bfc062723c751e8b465ee728b)  -> (artifact id: '3021b4e5e99c6e9247e9ee43a6bb2fdc') in 0.002025 seconds
  Import took 0.006026 seconds .

========================================================================
Received Import Request.
  Time since last request: 128.484960 seconds.
  path: Assets/Scripts/Audiomanager.cs
  artifactKey: Guid(9aa9bc17fb11d6b43b9817a9c36b3805) Importer(815301076,1909f56bfc062723c751e8b465ee728b)
Start importing Assets/Scripts/Audiomanager.cs using Guid(9aa9bc17fb11d6b43b9817a9c36b3805) Importer(815301076,1909f56bfc062723c751e8b465ee728b)  -> (artifact id: '41c25707e57efa8c2460489281db9daa') in 0.001919 seconds
  Import took 0.005357 seconds .

========================================================================
Received Import Request.
  Time since last request: 0.004961 seconds.
  path: Assets/Scripts/Audiomanager.cs
  artifactKey: Guid(9aa9bc17fb11d6b43b9817a9c36b3805) Importer(815301076,1909f56bfc062723c751e8b465ee728b)
Start importing Assets/Scripts/Audiomanager.cs using Guid(9aa9bc17fb11d6b43b9817a9c36b3805) Importer(815301076,1909f56bfc062723c751e8b465ee728b)  -> (artifact id: '41c25707e57efa8c2460489281db9daa') in 0.002077 seconds
  Import took 0.005268 seconds .

========================================================================
Received Import Request.
  Time since last request: 24.332723 seconds.
  path: Assets/Scripts/Audiomanager.cs
  artifactKey: Guid(9aa9bc17fb11d6b43b9817a9c36b3805) Importer(815301076,1909f56bfc062723c751e8b465ee728b)
Start importing Assets/Scripts/Audiomanager.cs using Guid(9aa9bc17fb11d6b43b9817a9c36b3805) Importer(815301076,1909f56bfc062723c751e8b465ee728b)  -> (artifact id: 'b3c76bb9776aaad84ebaa8cee9674762') in 0.001919 seconds
  Import took 0.005456 seconds .

========================================================================
Received Prepare
Registering precompiled user dll's ...
Registered in 0.000911 seconds.
Begin MonoManager ReloadAssembly
Native extension for WindowsStandalone target not found
Refreshing native plugins compatible for Editor in 0.49 ms, found 1 plugins.
Preloading 0 native plugins for Editor in 0.00 ms.
Invoked RoslynAnalysisRunner static constructor.
RoslynAnalysisRunner will not be running.
RoslynAnalysisRunner has terminated.
Mono: successfully reloaded assembly
- Completed reload, in  0.804 seconds
Platform modules already initialized, skipping
Refreshing native plugins compatible for Editor in 0.43 ms, found 1 plugins.
Preloading 0 native plugins for Editor in 0.00 ms.
Unloading 2077 Unused Serialized files (Serialized files now loaded: 0)
System memory in use before: 114.0 MB.
System memory in use after: 114.1 MB.

Unloading 9 unused Assets to reduce memory usage. Loaded Objects now: 2601.
Total: 2.576400 ms (FindLiveObjects: 0.263000 ms CreateObjectMapping: 0.190100 ms MarkObjects: 2.059000 ms  DeleteObjects: 0.062400 ms)

========================================================================
Received Prepare
Registering precompiled user dll's ...
Registered in 0.000834 seconds.
Begin MonoManager ReloadAssembly
Native extension for WindowsStandalone target not found
Refreshing native plugins compatible for Editor in 0.44 ms, found 1 plugins.
Preloading 0 native plugins for Editor in 0.00 ms.
Invoked RoslynAnalysisRunner static constructor.
RoslynAnalysisRunner will not be running.
RoslynAnalysisRunner has terminated.
Mono: successfully reloaded assembly
- Completed reload, in  0.748 seconds
Platform modules already initialized, skipping
Refreshing native plugins compatible for Editor in 0.51 ms, found 1 plugins.
Preloading 0 native plugins for Editor in 0.00 ms.
Unloading 2077 Unused Serialized files (Serialized files now loaded: 0)
System memory in use before: 114.0 MB.
System memory in use after: 114.1 MB.

Unloading 9 unused Assets to reduce memory usage. Loaded Objects now: 2605.
Total: 2.816200 ms (FindLiveObjects: 0.280800 ms CreateObjectMapping: 0.096700 ms MarkObjects: 2.366200 ms  DeleteObjects: 0.070700 ms)

========================================================================
Received Prepare
Registering precompiled user dll's ...
Registered in 0.000854 seconds.
Begin MonoManager ReloadAssembly
Native extension for WindowsStandalone target not found
Refreshing native plugins compatible for Editor in 0.46 ms, found 1 plugins.
Preloading 0 native plugins for Editor in 0.00 ms.
Invoked RoslynAnalysisRunner static constructor.
RoslynAnalysisRunner will not be running.
RoslynAnalysisRunner has terminated.
Mono: successfully reloaded assembly
- Completed reload, in  0.743 seconds
Platform modules already initialized, skipping
Refreshing native plugins compatible for Editor in 0.45 ms, found 1 plugins.
Preloading 0 native plugins for Editor in 0.00 ms.
Unloading 2077 Unused Serialized files (Serialized files now loaded: 0)
System memory in use before: 114.1 MB.
System memory in use after: 114.2 MB.

Unloading 9 unused Assets to reduce memory usage. Loaded Objects now: 2609.
Total: 2.393000 ms (FindLiveObjects: 0.280600 ms CreateObjectMapping: 0.053200 ms MarkObjects: 1.991300 ms  DeleteObjects: 0.066300 ms)

========================================================================
Received Prepare
Registering precompiled user dll's ...
Registered in 0.000871 seconds.
Begin MonoManager ReloadAssembly
Native extension for WindowsStandalone target not found
Refreshing native plugins compatible for Editor in 0.45 ms, found 1 plugins.
Preloading 0 native plugins for Editor in 0.00 ms.
Invoked RoslynAnalysisRunner static constructor.
RoslynAnalysisRunner will not be running.
RoslynAnalysisRunner has terminated.
Mono: successfully reloaded assembly
- Completed reload, in  0.749 seconds
Platform modules already initialized, skipping
Refreshing native plugins compatible for Editor in 0.46 ms, found 1 plugins.
Preloading 0 native plugins for Editor in 0.00 ms.
Unloading 2077 Unused Serialized files (Serialized files now loaded: 0)
System memory in use before: 114.1 MB.
System memory in use after: 114.2 MB.

Unloading 9 unused Assets to reduce memory usage. Loaded Objects now: 2613.
Total: 2.138700 ms (FindLiveObjects: 0.231700 ms CreateObjectMapping: 0.048500 ms MarkObjects: 1.789700 ms  DeleteObjects: 0.066900 ms)

========================================================================
Received Prepare
Registering precompiled user dll's ...
Registered in 0.000840 seconds.
Begin MonoManager ReloadAssembly
Native extension for WindowsStandalone target not found
Refreshing native plugins compatible for Editor in 0.43 ms, found 1 plugins.
Preloading 0 native plugins for Editor in 0.00 ms.
Invoked RoslynAnalysisRunner static constructor.
RoslynAnalysisRunner will not be running.
RoslynAnalysisRunner has terminated.
Mono: successfully reloaded assembly
- Completed reload, in  0.756 seconds
Platform modules already initialized, skipping
Refreshing native plugins compatible for Editor in 0.43 ms, found 1 plugins.
Preloading 0 native plugins for Editor in 0.00 ms.
Unloading 2077 Unused Serialized files (Serialized files now loaded: 0)
System memory in use before: 114.1 MB.
System memory in use after: 114.2 MB.

Unloading 9 unused Assets to reduce memory usage. Loaded Objects now: 2617.
Total: 2.880700 ms (FindLiveObjects: 0.716200 ms CreateObjectMapping: 0.151200 ms MarkObjects: 1.943900 ms  DeleteObjects: 0.067500 ms)

========================================================================
Received Prepare
Registering precompiled user dll's ...
Registered in 0.000853 seconds.
Begin MonoManager ReloadAssembly
Native extension for WindowsStandalone target not found
Refreshing native plugins compatible for Editor in 0.44 ms, found 1 plugins.
Preloading 0 native plugins for Editor in 0.00 ms.
Invoked RoslynAnalysisRunner static constructor.
RoslynAnalysisRunner will not be running.
RoslynAnalysisRunner has terminated.
Mono: successfully reloaded assembly
- Completed reload, in  0.784 seconds
Platform modules already initialized, skipping
Refreshing native plugins compatible for Editor in 0.49 ms, found 1 plugins.
Preloading 0 native plugins for Editor in 0.00 ms.
Unloading 2077 Unused Serialized files (Serialized files now loaded: 0)
System memory in use before: 114.1 MB.
System memory in use after: 114.2 MB.

Unloading 9 unused Assets to reduce memory usage. Loaded Objects now: 2621.
Total: 2.868900 ms (FindLiveObjects: 0.301100 ms CreateObjectMapping: 0.097800 ms MarkObjects: 2.402500 ms  DeleteObjects: 0.065200 ms)

========================================================================
Received Import Request.
  Time since last request: 723.476333 seconds.
  path: Assets/Scripts/uimanager.cs
  artifactKey: Guid(a06b950e5f6996d4490f5b6fc56f539b) Importer(815301076,1909f56bfc062723c751e8b465ee728b)
Start importing Assets/Scripts/uimanager.cs using Guid(a06b950e5f6996d4490f5b6fc56f539b) Importer(815301076,1909f56bfc062723c751e8b465ee728b)  -> (artifact id: 'ee7f8b07dc55266e10393a82e4881617') in 0.005364 seconds
  Import took 0.008722 seconds .

========================================================================
Received Prepare
Registering precompiled user dll's ...
Registered in 0.000880 seconds.
Begin MonoManager ReloadAssembly
Native extension for WindowsStandalone target not found
Refreshing native plugins compatible for Editor in 0.45 ms, found 1 plugins.
Preloading 0 native plugins for Editor in 0.00 ms.
Invoked RoslynAnalysisRunner static constructor.
RoslynAnalysisRunner will not be running.
RoslynAnalysisRunner has terminated.
Mono: successfully reloaded assembly
- Completed reload, in  0.805 seconds
Platform modules already initialized, skipping
Refreshing native plugins compatible for Editor in 0.48 ms, found 1 plugins.
Preloading 0 native plugins for Editor in 0.00 ms.
Unloading 2078 Unused Serialized files (Serialized files now loaded: 0)
System memory in use before: 114.1 MB.
System memory in use after: 114.2 MB.

Unloading 9 unused Assets to reduce memory usage. Loaded Objects now: 2626.
Total: 2.879400 ms (FindLiveObjects: 0.286600 ms CreateObjectMapping: 0.100900 ms MarkObjects: 2.397100 ms  DeleteObjects: 0.092900 ms)

========================================================================
Received Prepare
Registering precompiled user dll's ...
Registered in 0.001586 seconds.
Begin MonoManager ReloadAssembly
Native extension for WindowsStandalone target not found
Refreshing native plugins compatible for Editor in 0.44 ms, found 1 plugins.
Preloading 0 native plugins for Editor in 0.00 ms.
Invoked RoslynAnalysisRunner static constructor.
RoslynAnalysisRunner will not be running.
RoslynAnalysisRunner has terminated.
Mono: successfully reloaded assembly
- Completed reload, in  0.796 seconds
Platform modules already initialized, skipping
Refreshing native plugins compatible for Editor in 0.43 ms, found 1 plugins.
Preloading 0 native plugins for Editor in 0.00 ms.
Unloading 2078 Unused Serialized files (Serialized files now loaded: 0)
System memory in use before: 114.2 MB.
System memory in use after: 114.2 MB.

Unloading 9 unused Assets to reduce memory usage. Loaded Objects now: 2630.
Total: 2.682500 ms (FindLiveObjects: 0.408000 ms CreateObjectMapping: 0.136600 ms MarkObjects: 2.068000 ms  DeleteObjects: 0.068100 ms)

========================================================================
Received Import Request.
  Time since last request: 143.858963 seconds.
  path: Assets/Scripts/uimanager.cs
  artifactKey: Guid(a06b950e5f6996d4490f5b6fc56f539b) Importer(815301076,1909f56bfc062723c751e8b465ee728b)
Start importing Assets/Scripts/uimanager.cs using Guid(a06b950e5f6996d4490f5b6fc56f539b) Importer(815301076,1909f56bfc062723c751e8b465ee728b)  -> (artifact id: 'e3457ee3f2680fc8a627c6935252b1ab') in 0.005039 seconds
  Import took 0.008849 seconds .

========================================================================
Received Import Request.
  Time since last request: 0.008906 seconds.
  path: Assets/Scripts/uimanager.cs
  artifactKey: Guid(a06b950e5f6996d4490f5b6fc56f539b) Importer(815301076,1909f56bfc062723c751e8b465ee728b)
Start importing Assets/Scripts/uimanager.cs using Guid(a06b950e5f6996d4490f5b6fc56f539b) Importer(815301076,1909f56bfc062723c751e8b465ee728b)  -> (artifact id: 'e3457ee3f2680fc8a627c6935252b1ab') in 0.002608 seconds
  Import took 0.006014 seconds .

========================================================================
Received Prepare
Registering precompiled user dll's ...
Registered in 0.000818 seconds.
Begin MonoManager ReloadAssembly
Native extension for WindowsStandalone target not found
Refreshing native plugins compatible for Editor in 0.43 ms, found 1 plugins.
Preloading 0 native plugins for Editor in 0.00 ms.
Invoked RoslynAnalysisRunner static constructor.
RoslynAnalysisRunner will not be running.
RoslynAnalysisRunner has terminated.
Mono: successfully reloaded assembly
- Completed reload, in  0.787 seconds
Platform modules already initialized, skipping
Refreshing native plugins compatible for Editor in 0.57 ms, found 1 plugins.
Preloading 0 native plugins for Editor in 0.00 ms.
Unloading 2078 Unused Serialized files (Serialized files now loaded: 0)
System memory in use before: 114.2 MB.
System memory in use after: 114.3 MB.

Unloading 9 unused Assets to reduce memory usage. Loaded Objects now: 2634.
Total: 3.058300 ms (FindLiveObjects: 0.229500 ms CreateObjectMapping: 0.051900 ms MarkObjects: 2.688400 ms  DeleteObjects: 0.086800 ms)

========================================================================
Received Prepare
Registering precompiled user dll's ...
Registered in 0.000879 seconds.
Begin MonoManager ReloadAssembly
Native extension for WindowsStandalone target not found
Refreshing native plugins compatible for Editor in 0.47 ms, found 1 plugins.
Preloading 0 native plugins for Editor in 0.00 ms.
Invoked RoslynAnalysisRunner static constructor.
RoslynAnalysisRunner will not be running.
RoslynAnalysisRunner has terminated.
Mono: successfully reloaded assembly
- Completed reload, in  0.779 seconds
Platform modules already initialized, skipping
Refreshing native plugins compatible for Editor in 0.43 ms, found 1 plugins.
Preloading 0 native plugins for Editor in 0.00 ms.
Unloading 2078 Unused Serialized files (Serialized files now loaded: 0)
System memory in use before: 114.2 MB.
System memory in use after: 114.3 MB.

Unloading 9 unused Assets to reduce memory usage. Loaded Objects now: 2638.
Total: 2.367000 ms (FindLiveObjects: 0.324800 ms CreateObjectMapping: 0.102400 ms MarkObjects: 1.869600 ms  DeleteObjects: 0.067300 ms)

========================================================================
Received Prepare
Registering precompiled user dll's ...
Registered in 0.000902 seconds.
Begin MonoManager ReloadAssembly
Native extension for WindowsStandalone target not found
Refreshing native plugins compatible for Editor in 0.45 ms, found 1 plugins.
Preloading 0 native plugins for Editor in 0.00 ms.
Invoked RoslynAnalysisRunner static constructor.
RoslynAnalysisRunner will not be running.
RoslynAnalysisRunner has terminated.
Mono: successfully reloaded assembly
- Completed reload, in  0.792 seconds
Platform modules already initialized, skipping
Refreshing native plugins compatible for Editor in 0.59 ms, found 1 plugins.
Preloading 0 native plugins for Editor in 0.00 ms.
Unloading 2078 Unused Serialized files (Serialized files now loaded: 0)
System memory in use before: 114.2 MB.
System memory in use after: 114.3 MB.

Unloading 9 unused Assets to reduce memory usage. Loaded Objects now: 2642.
Total: 3.225000 ms (FindLiveObjects: 0.388200 ms CreateObjectMapping: 0.098400 ms MarkObjects: 2.662500 ms  DeleteObjects: 0.074500 ms)

========================================================================
Received Prepare
Registering precompiled user dll's ...
Registered in 0.000853 seconds.
Begin MonoManager ReloadAssembly
Native extension for WindowsStandalone target not found
Refreshing native plugins compatible for Editor in 0.44 ms, found 1 plugins.
Preloading 0 native plugins for Editor in 0.00 ms.
Invoked RoslynAnalysisRunner static constructor.
RoslynAnalysisRunner will not be running.
RoslynAnalysisRunner has terminated.
Mono: successfully reloaded assembly
- Completed reload, in  0.787 seconds
Platform modules already initialized, skipping
Refreshing native plugins compatible for Editor in 0.45 ms, found 1 plugins.
Preloading 0 native plugins for Editor in 0.00 ms.
Unloading 2078 Unused Serialized files (Serialized files now loaded: 0)
System memory in use before: 114.2 MB.
System memory in use after: 114.3 MB.

Unloading 9 unused Assets to reduce memory usage. Loaded Objects now: 2646.
Total: 2.100100 ms (FindLiveObjects: 0.227700 ms CreateObjectMapping: 0.048700 ms MarkObjects: 1.755400 ms  DeleteObjects: 0.067200 ms)

========================================================================
Received Prepare
Registering precompiled user dll's ...
Registered in 0.000816 seconds.
Begin MonoManager ReloadAssembly
Native extension for WindowsStandalone target not found
Refreshing native plugins compatible for Editor in 0.45 ms, found 1 plugins.
Preloading 0 native plugins for Editor in 0.00 ms.
Invoked RoslynAnalysisRunner static constructor.
RoslynAnalysisRunner will not be running.
RoslynAnalysisRunner has terminated.
Mono: successfully reloaded assembly
- Completed reload, in  0.852 seconds
Platform modules already initialized, skipping
Refreshing native plugins compatible for Editor in 0.50 ms, found 1 plugins.
Preloading 0 native plugins for Editor in 0.00 ms.
Unloading 2078 Unused Serialized files (Serialized files now loaded: 0)
System memory in use before: 114.2 MB.
System memory in use after: 114.3 MB.

Unloading 9 unused Assets to reduce memory usage. Loaded Objects now: 2650.
Total: 2.337400 ms (FindLiveObjects: 0.240300 ms CreateObjectMapping: 0.049900 ms MarkObjects: 1.978000 ms  DeleteObjects: 0.067900 ms)

========================================================================
Received Prepare
Registering precompiled user dll's ...
Registered in 0.000888 seconds.
Begin MonoManager ReloadAssembly
Native extension for WindowsStandalone target not found
Refreshing native plugins compatible for Editor in 0.44 ms, found 1 plugins.
Preloading 0 native plugins for Editor in 0.00 ms.
Invoked RoslynAnalysisRunner static constructor.
RoslynAnalysisRunner will not be running.
RoslynAnalysisRunner has terminated.
Mono: successfully reloaded assembly
- Completed reload, in  0.774 seconds
Platform modules already initialized, skipping
Refreshing native plugins compatible for Editor in 0.44 ms, found 1 plugins.
Preloading 0 native plugins for Editor in 0.00 ms.
Unloading 2078 Unused Serialized files (Serialized files now loaded: 0)
System memory in use before: 114.2 MB.
System memory in use after: 114.3 MB.

Unloading 9 unused Assets to reduce memory usage. Loaded Objects now: 2654.
Total: 2.505300 ms (FindLiveObjects: 0.401800 ms CreateObjectMapping: 0.154600 ms MarkObjects: 1.878600 ms  DeleteObjects: 0.068700 ms)

========================================================================
Received Prepare
Registering precompiled user dll's ...
Registered in 0.000865 seconds.
Begin MonoManager ReloadAssembly
Native extension for WindowsStandalone target not found
Refreshing native plugins compatible for Editor in 0.48 ms, found 1 plugins.
Preloading 0 native plugins for Editor in 0.00 ms.
Invoked RoslynAnalysisRunner static constructor.
RoslynAnalysisRunner will not be running.
RoslynAnalysisRunner has terminated.
Mono: successfully reloaded assembly
- Completed reload, in  0.807 seconds
Platform modules already initialized, skipping
Refreshing native plugins compatible for Editor in 0.43 ms, found 1 plugins.
Preloading 0 native plugins for Editor in 0.00 ms.
Unloading 2078 Unused Serialized files (Serialized files now loaded: 0)
System memory in use before: 114.2 MB.
System memory in use after: 114.3 MB.

Unloading 9 unused Assets to reduce memory usage. Loaded Objects now: 2658.
Total: 2.614600 ms (FindLiveObjects: 0.250900 ms CreateObjectMapping: 0.081500 ms MarkObjects: 2.199100 ms  DeleteObjects: 0.081400 ms)

========================================================================
Received Prepare
Registering precompiled user dll's ...
Registered in 0.000948 seconds.
Begin MonoManager ReloadAssembly
Native extension for WindowsStandalone target not found
Refreshing native plugins compatible for Editor in 0.49 ms, found 1 plugins.
Preloading 0 native plugins for Editor in 0.00 ms.
Invoked RoslynAnalysisRunner static constructor.
RoslynAnalysisRunner will not be running.
RoslynAnalysisRunner has terminated.
Mono: successfully reloaded assembly
- Completed reload, in  0.818 seconds
Platform modules already initialized, skipping
Refreshing native plugins compatible for Editor in 0.48 ms, found 1 plugins.
Preloading 0 native plugins for Editor in 0.00 ms.
Unloading 2078 Unused Serialized files (Serialized files now loaded: 0)
System memory in use before: 114.2 MB.
System memory in use after: 114.3 MB.

Unloading 9 unused Assets to reduce memory usage. Loaded Objects now: 2662.
Total: 2.496700 ms (FindLiveObjects: 0.253800 ms CreateObjectMapping: 0.053000 ms MarkObjects: 2.120700 ms  DeleteObjects: 0.068000 ms)

========================================================================
Received Prepare
Registering precompiled user dll's ...
Registered in 0.000797 seconds.
Begin MonoManager ReloadAssembly
Native extension for WindowsStandalone target not found
Refreshing native plugins compatible for Editor in 0.44 ms, found 1 plugins.
Preloading 0 native plugins for Editor in 0.00 ms.
Invoked RoslynAnalysisRunner static constructor.
RoslynAnalysisRunner will not be running.
RoslynAnalysisRunner has terminated.
Mono: successfully reloaded assembly
- Completed reload, in  0.778 seconds
Platform modules already initialized, skipping
Refreshing native plugins compatible for Editor in 0.43 ms, found 1 plugins.
Preloading 0 native plugins for Editor in 0.00 ms.
Unloading 2078 Unused Serialized files (Serialized files now loaded: 0)
System memory in use before: 114.2 MB.
System memory in use after: 114.3 MB.

Unloading 9 unused Assets to reduce memory usage. Loaded Objects now: 2666.
Total: 2.538900 ms (FindLiveObjects: 0.391800 ms CreateObjectMapping: 0.175500 ms MarkObjects: 1.902100 ms  DeleteObjects: 0.066300 ms)

========================================================================
Received Prepare
Registering precompiled user dll's ...
Registered in 0.000853 seconds.
Begin MonoManager ReloadAssembly
Native extension for WindowsStandalone target not found
Refreshing native plugins compatible for Editor in 0.46 ms, found 1 plugins.
Preloading 0 native plugins for Editor in 0.00 ms.
Invoked RoslynAnalysisRunner static constructor.
RoslynAnalysisRunner will not be running.
RoslynAnalysisRunner has terminated.
Mono: successfully reloaded assembly
- Completed reload, in  0.811 seconds
Platform modules already initialized, skipping
Refreshing native plugins compatible for Editor in 0.45 ms, found 1 plugins.
Preloading 0 native plugins for Editor in 0.00 ms.
Unloading 2078 Unused Serialized files (Serialized files now loaded: 0)
System memory in use before: 114.2 MB.
System memory in use after: 114.3 MB.

Unloading 9 unused Assets to reduce memory usage. Loaded Objects now: 2670.
Total: 2.417500 ms (FindLiveObjects: 0.268500 ms CreateObjectMapping: 0.056300 ms MarkObjects: 2.021500 ms  DeleteObjects: 0.070000 ms)

========================================================================
Received Prepare
Registering precompiled user dll's ...
Registered in 0.000853 seconds.
Begin MonoManager ReloadAssembly
Native extension for WindowsStandalone target not found
Refreshing native plugins compatible for Editor in 0.66 ms, found 1 plugins.
Preloading 0 native plugins for Editor in 0.00 ms.
Invoked RoslynAnalysisRunner static constructor.
RoslynAnalysisRunner will not be running.
RoslynAnalysisRunner has terminated.
Mono: successfully reloaded assembly
- Completed reload, in  0.793 seconds
Platform modules already initialized, skipping
Refreshing native plugins compatible for Editor in 0.49 ms, found 1 plugins.
Preloading 0 native plugins for Editor in 0.00 ms.
Unloading 2078 Unused Serialized files (Serialized files now loaded: 0)
System memory in use before: 114.2 MB.
System memory in use after: 114.3 MB.

Unloading 9 unused Assets to reduce memory usage. Loaded Objects now: 2674.
Total: 2.732700 ms (FindLiveObjects: 0.299500 ms CreateObjectMapping: 0.055800 ms MarkObjects: 2.300500 ms  DeleteObjects: 0.073900 ms)

========================================================================
Received Prepare
Registering precompiled user dll's ...
Registered in 0.000897 seconds.
Begin MonoManager ReloadAssembly
Native extension for WindowsStandalone target not found
Refreshing native plugins compatible for Editor in 0.44 ms, found 1 plugins.
Preloading 0 native plugins for Editor in 0.00 ms.
Invoked RoslynAnalysisRunner static constructor.
RoslynAnalysisRunner will not be running.
RoslynAnalysisRunner has terminated.
Mono: successfully reloaded assembly
- Completed reload, in  0.809 seconds
Platform modules already initialized, skipping
Refreshing native plugins compatible for Editor in 0.47 ms, found 1 plugins.
Preloading 0 native plugins for Editor in 0.00 ms.
Unloading 2078 Unused Serialized files (Serialized files now loaded: 0)
System memory in use before: 114.3 MB.
System memory in use after: 114.3 MB.

Unloading 9 unused Assets to reduce memory usage. Loaded Objects now: 2678.
Total: 2.885000 ms (FindLiveObjects: 0.261100 ms CreateObjectMapping: 0.056500 ms MarkObjects: 2.474200 ms  DeleteObjects: 0.091800 ms)

========================================================================
Received Prepare
Registering precompiled user dll's ...
Registered in 0.000901 seconds.
Begin MonoManager ReloadAssembly
Native extension for WindowsStandalone target not found
Refreshing native plugins compatible for Editor in 0.45 ms, found 1 plugins.
Preloading 0 native plugins for Editor in 0.00 ms.
Invoked RoslynAnalysisRunner static constructor.
RoslynAnalysisRunner will not be running.
RoslynAnalysisRunner has terminated.
Mono: successfully reloaded assembly
- Completed reload, in  0.795 seconds
Platform modules already initialized, skipping
Refreshing native plugins compatible for Editor in 0.44 ms, found 1 plugins.
Preloading 0 native plugins for Editor in 0.00 ms.
Unloading 2078 Unused Serialized files (Serialized files now loaded: 0)
System memory in use before: 114.3 MB.
System memory in use after: 114.4 MB.

Unloading 9 unused Assets to reduce memory usage. Loaded Objects now: 2682.
Total: 2.577100 ms (FindLiveObjects: 0.514600 ms CreateObjectMapping: 0.085500 ms MarkObjects: 1.904800 ms  DeleteObjects: 0.070100 ms)

========================================================================
Received Prepare
Registering precompiled user dll's ...
Registered in 0.001368 seconds.
Begin MonoManager ReloadAssembly
Native extension for WindowsStandalone target not found
Refreshing native plugins compatible for Editor in 0.45 ms, found 1 plugins.
Preloading 0 native plugins for Editor in 0.00 ms.
Invoked RoslynAnalysisRunner static constructor.
RoslynAnalysisRunner will not be running.
RoslynAnalysisRunner has terminated.
Mono: successfully reloaded assembly
- Completed reload, in  0.828 seconds
Platform modules already initialized, skipping
Refreshing native plugins compatible for Editor in 0.45 ms, found 1 plugins.
Preloading 0 native plugins for Editor in 0.00 ms.
Unloading 2078 Unused Serialized files (Serialized files now loaded: 0)
System memory in use before: 114.3 MB.
System memory in use after: 114.4 MB.

Unloading 9 unused Assets to reduce memory usage. Loaded Objects now: 2686.
Total: 2.382100 ms (FindLiveObjects: 0.261700 ms CreateObjectMapping: 0.052400 ms MarkObjects: 1.998100 ms  DeleteObjects: 0.068500 ms)

========================================================================
Received Prepare
Registering precompiled user dll's ...
Registered in 0.000897 seconds.
Begin MonoManager ReloadAssembly
Native extension for WindowsStandalone target not found
Refreshing native plugins compatible for Editor in 0.53 ms, found 1 plugins.
Preloading 0 native plugins for Editor in 0.00 ms.
Invoked RoslynAnalysisRunner static constructor.
RoslynAnalysisRunner will not be running.
RoslynAnalysisRunner has terminated.
Mono: successfully reloaded assembly
- Completed reload, in  0.830 seconds
Platform modules already initialized, skipping
Refreshing native plugins compatible for Editor in 0.46 ms, found 1 plugins.
Preloading 0 native plugins for Editor in 0.00 ms.
Unloading 2078 Unused Serialized files (Serialized files now loaded: 0)
System memory in use before: 114.3 MB.
System memory in use after: 114.4 MB.

Unloading 9 unused Assets to reduce memory usage. Loaded Objects now: 2690.
Total: 2.352200 ms (FindLiveObjects: 0.322400 ms CreateObjectMapping: 0.091800 ms MarkObjects: 1.867100 ms  DeleteObjects: 0.068800 ms)

========================================================================
Received Prepare
Registering precompiled user dll's ...
Registered in 0.000857 seconds.
Begin MonoManager ReloadAssembly
Native extension for WindowsStandalone target not found
Refreshing native plugins compatible for Editor in 0.44 ms, found 1 plugins.
Preloading 0 native plugins for Editor in 0.00 ms.
Invoked RoslynAnalysisRunner static constructor.
RoslynAnalysisRunner will not be running.
RoslynAnalysisRunner has terminated.
Mono: successfully reloaded assembly
- Completed reload, in  0.787 seconds
Platform modules already initialized, skipping
Refreshing native plugins compatible for Editor in 0.60 ms, found 1 plugins.
Preloading 0 native plugins for Editor in 0.00 ms.
Unloading 2078 Unused Serialized files (Serialized files now loaded: 0)
System memory in use before: 114.3 MB.
System memory in use after: 114.4 MB.

Unloading 9 unused Assets to reduce memory usage. Loaded Objects now: 2694.
Total: 2.702000 ms (FindLiveObjects: 0.425400 ms CreateObjectMapping: 0.114400 ms MarkObjects: 2.091600 ms  DeleteObjects: 0.069700 ms)

========================================================================
Received Prepare
Registering precompiled user dll's ...
Registered in 0.001000 seconds.
Begin MonoManager ReloadAssembly
Native extension for WindowsStandalone target not found
Refreshing native plugins compatible for Editor in 0.46 ms, found 1 plugins.
Preloading 0 native plugins for Editor in 0.00 ms.
Invoked RoslynAnalysisRunner static constructor.
RoslynAnalysisRunner will not be running.
RoslynAnalysisRunner has terminated.
Mono: successfully reloaded assembly
- Completed reload, in  0.809 seconds
Platform modules already initialized, skipping
Refreshing native plugins compatible for Editor in 0.45 ms, found 1 plugins.
Preloading 0 native plugins for Editor in 0.00 ms.
Unloading 2078 Unused Serialized files (Serialized files now loaded: 0)
System memory in use before: 114.3 MB.
System memory in use after: 114.4 MB.

Unloading 9 unused Assets to reduce memory usage. Loaded Objects now: 2698.
Total: 2.211200 ms (FindLiveObjects: 0.245100 ms CreateObjectMapping: 0.049100 ms MarkObjects: 1.848700 ms  DeleteObjects: 0.066800 ms)

========================================================================
Received Import Request.
  Time since last request: 3592.617374 seconds.
  path: Assets/Scripts/door.cs
  artifactKey: Guid(fda28e136d0f31046aef7ff12aef3693) Importer(815301076,1909f56bfc062723c751e8b465ee728b)
Start importing Assets/Scripts/door.cs using Guid(fda28e136d0f31046aef7ff12aef3693) Importer(815301076,1909f56bfc062723c751e8b465ee728b)  -> (artifact id: 'b489ac916c9d265cdd1f314151c6a016') in 0.004987 seconds
  Import took 0.008237 seconds .

========================================================================
Received Import Request.
  Time since last request: 0.322828 seconds.
  path: Assets/Scripts/Audiomanager.cs
  artifactKey: Guid(9aa9bc17fb11d6b43b9817a9c36b3805) Importer(815301076,1909f56bfc062723c751e8b465ee728b)
Start importing Assets/Scripts/Audiomanager.cs using Guid(9aa9bc17fb11d6b43b9817a9c36b3805) Importer(815301076,1909f56bfc062723c751e8b465ee728b)  -> (artifact id: '0a1c38d9bb33b1eae7ce6d9f4e207ada') in 0.002503 seconds
  Import took 0.006009 seconds .

========================================================================
Received Import Request.
  Time since last request: 0.004501 seconds.
  path: Assets/Scripts/Audiomanager.cs
  artifactKey: Guid(9aa9bc17fb11d6b43b9817a9c36b3805) Importer(815301076,1909f56bfc062723c751e8b465ee728b)
Start importing Assets/Scripts/Audiomanager.cs using Guid(9aa9bc17fb11d6b43b9817a9c36b3805) Importer(815301076,1909f56bfc062723c751e8b465ee728b)  -> (artifact id: '0a1c38d9bb33b1eae7ce6d9f4e207ada') in 0.002096 seconds
  Import took 0.005611 seconds .

========================================================================
Received Import Request.
  Time since last request: 0.605902 seconds.
  path: Assets/Scripts/SceneFader.cs
  artifactKey: Guid(3282606e973ffae4397d827a238784c9) Importer(815301076,1909f56bfc062723c751e8b465ee728b)
Start importing Assets/Scripts/SceneFader.cs using Guid(3282606e973ffae4397d827a238784c9) Importer(815301076,1909f56bfc062723c751e8b465ee728b)  -> (artifact id: '8d266ef4e6535c025ff048ae27f26f6a') in 0.002141 seconds
  Import took 0.005948 seconds .

========================================================================
Received Import Request.
  Time since last request: 0.000564 seconds.
  path: Assets/Scripts/SceneFader.cs
  artifactKey: Guid(3282606e973ffae4397d827a238784c9) Importer(815301076,1909f56bfc062723c751e8b465ee728b)
Start importing Assets/Scripts/SceneFader.cs using Guid(3282606e973ffae4397d827a238784c9) Importer(815301076,1909f56bfc062723c751e8b465ee728b)  -> (artifact id: '8d266ef4e6535c025ff048ae27f26f6a') in 0.002426 seconds
  Import took 0.005461 seconds .

========================================================================
Received Import Request.
  Time since last request: 0.651538 seconds.
  path: Assets/Scripts/uimanager.cs
  artifactKey: Guid(a06b950e5f6996d4490f5b6fc56f539b) Importer(815301076,1909f56bfc062723c751e8b465ee728b)
Start importing Assets/Scripts/uimanager.cs using Guid(a06b950e5f6996d4490f5b6fc56f539b) Importer(815301076,1909f56bfc062723c751e8b465ee728b)  -> (artifact id: 'e7f2034b1cde6e22ca7a788410efcf7b') in 0.002619 seconds
  Import took 0.005827 seconds .

========================================================================
Received Import Request.
  Time since last request: 0.000760 seconds.
  path: Assets/Scripts/uimanager.cs
  artifactKey: Guid(a06b950e5f6996d4490f5b6fc56f539b) Importer(815301076,1909f56bfc062723c751e8b465ee728b)
Start importing Assets/Scripts/uimanager.cs using Guid(a06b950e5f6996d4490f5b6fc56f539b) Importer(815301076,1909f56bfc062723c751e8b465ee728b)  -> (artifact id: 'e7f2034b1cde6e22ca7a788410efcf7b') in 0.002324 seconds
  Import took 0.005952 seconds .

========================================================================
Received Prepare
Registering precompiled user dll's ...
Registered in 0.001208 seconds.
Begin MonoManager ReloadAssembly
Native extension for WindowsStandalone target not found
Refreshing native plugins compatible for Editor in 0.46 ms, found 1 plugins.
Preloading 0 native plugins for Editor in 0.00 ms.
Invoked RoslynAnalysisRunner static constructor.
RoslynAnalysisRunner will not be running.
RoslynAnalysisRunner has terminated.
Mono: successfully reloaded assembly
- Completed reload, in  0.801 seconds
Platform modules already initialized, skipping
Refreshing native plugins compatible for Editor in 0.45 ms, found 1 plugins.
Preloading 0 native plugins for Editor in 0.00 ms.
Unloading 2078 Unused Serialized files (Serialized files now loaded: 0)
System memory in use before: 114.3 MB.
System memory in use after: 114.4 MB.

Unloading 9 unused Assets to reduce memory usage. Loaded Objects now: 2702.
Total: 2.561400 ms (FindLiveObjects: 0.436800 ms CreateObjectMapping: 0.061500 ms MarkObjects: 1.982100 ms  DeleteObjects: 0.079200 ms)

========================================================================
Received Prepare
Registering precompiled user dll's ...
Registered in 0.001277 seconds.
Begin MonoManager ReloadAssembly
Native extension for WindowsStandalone target not found
Refreshing native plugins compatible for Editor in 0.52 ms, found 1 plugins.
Preloading 0 native plugins for Editor in 0.00 ms.
Invoked RoslynAnalysisRunner static constructor.
RoslynAnalysisRunner will not be running.
RoslynAnalysisRunner has terminated.
Mono: successfully reloaded assembly
- Completed reload, in  0.817 seconds
Platform modules already initialized, skipping
Refreshing native plugins compatible for Editor in 0.43 ms, found 1 plugins.
Preloading 0 native plugins for Editor in 0.00 ms.
Unloading 2078 Unused Serialized files (Serialized files now loaded: 0)
System memory in use before: 114.3 MB.
System memory in use after: 114.4 MB.

Unloading 9 unused Assets to reduce memory usage. Loaded Objects now: 2706.
Total: 2.475400 ms (FindLiveObjects: 0.267300 ms CreateObjectMapping: 0.054200 ms MarkObjects: 2.084200 ms  DeleteObjects: 0.068100 ms)

========================================================================
Received Import Request.
  Time since last request: 1904.820221 seconds.
  path: Assets/Scripts/winzone.cs
  artifactKey: Guid(141334a50329e244dba5293d82a63760) Importer(815301076,1909f56bfc062723c751e8b465ee728b)
Start importing Assets/Scripts/winzone.cs using Guid(141334a50329e244dba5293d82a63760) Importer(815301076,1909f56bfc062723c751e8b465ee728b)  -> (artifact id: '3ac6b3f51f179e0e5785744ef53e878f') in 0.005047 seconds
  Import took 0.008481 seconds .

========================================================================
Received Import Request.
  Time since last request: 0.014759 seconds.
  path: Assets/Scripts/winzone.cs
  artifactKey: Guid(141334a50329e244dba5293d82a63760) Importer(815301076,1909f56bfc062723c751e8b465ee728b)
Start importing Assets/Scripts/winzone.cs using Guid(141334a50329e244dba5293d82a63760) Importer(815301076,1909f56bfc062723c751e8b465ee728b)  -> (artifact id: '3ac6b3f51f179e0e5785744ef53e878f') in 0.002187 seconds
  Import took 0.005886 seconds .

========================================================================
Received Prepare
Registering precompiled user dll's ...
Registered in 0.001008 seconds.
Begin MonoManager ReloadAssembly
Native extension for WindowsStandalone target not found
Refreshing native plugins compatible for Editor in 0.46 ms, found 1 plugins.
Preloading 0 native plugins for Editor in 0.00 ms.
Invoked RoslynAnalysisRunner static constructor.
RoslynAnalysisRunner will not be running.
RoslynAnalysisRunner has terminated.
Mono: successfully reloaded assembly
- Completed reload, in  0.801 seconds
Platform modules already initialized, skipping
Refreshing native plugins compatible for Editor in 0.49 ms, found 1 plugins.
Preloading 0 native plugins for Editor in 0.00 ms.
Unloading 2078 Unused Serialized files (Serialized files now loaded: 0)
System memory in use before: 114.3 MB.
System memory in use after: 114.4 MB.

Unloading 9 unused Assets to reduce memory usage. Loaded Objects now: 2710.
Total: 2.677800 ms (FindLiveObjects: 0.427900 ms CreateObjectMapping: 0.153600 ms MarkObjects: 2.029000 ms  DeleteObjects: 0.066000 ms)

========================================================================
Received Prepare
Registering precompiled user dll's ...
Registered in 0.000878 seconds.
Begin MonoManager ReloadAssembly
Native extension for WindowsStandalone target not found
Refreshing native plugins compatible for Editor in 0.45 ms, found 1 plugins.
Preloading 0 native plugins for Editor in 0.00 ms.
Invoked RoslynAnalysisRunner static constructor.
RoslynAnalysisRunner will not be running.
RoslynAnalysisRunner has terminated.
Mono: successfully reloaded assembly
- Completed reload, in  0.773 seconds
Platform modules already initialized, skipping
Refreshing native plugins compatible for Editor in 0.45 ms, found 1 plugins.
Preloading 0 native plugins for Editor in 0.00 ms.
Unloading 2078 Unused Serialized files (Serialized files now loaded: 0)
System memory in use before: 114.3 MB.
System memory in use after: 114.4 MB.

Unloading 9 unused Assets to reduce memory usage. Loaded Objects now: 2714.
Total: 2.808500 ms (FindLiveObjects: 0.436900 ms CreateObjectMapping: 0.162900 ms MarkObjects: 2.140400 ms  DeleteObjects: 0.065900 ms)

========================================================================
Received Prepare
Registering precompiled user dll's ...
Registered in 0.000955 seconds.
Begin MonoManager ReloadAssembly
Native extension for WindowsStandalone target not found
Refreshing native plugins compatible for Editor in 0.53 ms, found 1 plugins.
Preloading 0 native plugins for Editor in 0.00 ms.
Invoked RoslynAnalysisRunner static constructor.
RoslynAnalysisRunner will not be running.
RoslynAnalysisRunner has terminated.
Mono: successfully reloaded assembly
- Completed reload, in  0.823 seconds
Platform modules already initialized, skipping
Refreshing native plugins compatible for Editor in 0.45 ms, found 1 plugins.
Preloading 0 native plugins for Editor in 0.00 ms.
Unloading 2078 Unused Serialized files (Serialized files now loaded: 0)
System memory in use before: 114.4 MB.
System memory in use after: 114.5 MB.

Unloading 9 unused Assets to reduce memory usage. Loaded Objects now: 2718.
Total: 2.736300 ms (FindLiveObjects: 0.258600 ms CreateObjectMapping: 0.053000 ms MarkObjects: 2.268800 ms  DeleteObjects: 0.154300 ms)

========================================================================
Received Prepare
Registering precompiled user dll's ...
Registered in 0.000829 seconds.
Begin MonoManager ReloadAssembly
Native extension for WindowsStandalone target not found
Refreshing native plugins compatible for Editor in 0.52 ms, found 1 plugins.
Preloading 0 native plugins for Editor in 0.00 ms.
Invoked RoslynAnalysisRunner static constructor.
RoslynAnalysisRunner will not be running.
RoslynAnalysisRunner has terminated.
Mono: successfully reloaded assembly
- Completed reload, in  0.798 seconds
Platform modules already initialized, skipping
Refreshing native plugins compatible for Editor in 0.44 ms, found 1 plugins.
Preloading 0 native plugins for Editor in 0.00 ms.
Unloading 2078 Unused Serialized files (Serialized files now loaded: 0)
System memory in use before: 114.5 MB.
System memory in use after: 114.6 MB.

Unloading 9 unused Assets to reduce memory usage. Loaded Objects now: 2722.
Total: 2.774100 ms (FindLiveObjects: 0.278400 ms CreateObjectMapping: 0.050300 ms MarkObjects: 2.369800 ms  DeleteObjects: 0.073600 ms)

========================================================================
Received Prepare
Registering precompiled user dll's ...
Registered in 0.000900 seconds.
Begin MonoManager ReloadAssembly
Native extension for WindowsStandalone target not found
Refreshing native plugins compatible for Editor in 0.52 ms, found 1 plugins.
Preloading 0 native plugins for Editor in 0.00 ms.
Invoked RoslynAnalysisRunner static constructor.
RoslynAnalysisRunner will not be running.
RoslynAnalysisRunner has terminated.
Mono: successfully reloaded assembly
- Completed reload, in  0.837 seconds
Platform modules already initialized, skipping
Refreshing native plugins compatible for Editor in 0.46 ms, found 1 plugins.
Preloading 0 native plugins for Editor in 0.00 ms.
Unloading 2078 Unused Serialized files (Serialized files now loaded: 0)
System memory in use before: 114.5 MB.
System memory in use after: 114.7 MB.

Unloading 9 unused Assets to reduce memory usage. Loaded Objects now: 2726.
Total: 2.495100 ms (FindLiveObjects: 0.278000 ms CreateObjectMapping: 0.067100 ms MarkObjects: 2.078400 ms  DeleteObjects: 0.070000 ms)

========================================================================
Received Prepare
Registering precompiled user dll's ...
Registered in 0.000923 seconds.
Begin MonoManager ReloadAssembly
Native extension for WindowsStandalone target not found
Refreshing native plugins compatible for Editor in 0.49 ms, found 1 plugins.
Preloading 0 native plugins for Editor in 0.00 ms.
Invoked RoslynAnalysisRunner static constructor.
RoslynAnalysisRunner will not be running.
RoslynAnalysisRunner has terminated.
Mono: successfully reloaded assembly
- Completed reload, in  0.795 seconds
Platform modules already initialized, skipping
Refreshing native plugins compatible for Editor in 0.43 ms, found 1 plugins.
Preloading 0 native plugins for Editor in 0.00 ms.
Unloading 2078 Unused Serialized files (Serialized files now loaded: 0)
System memory in use before: 114.5 MB.
System memory in use after: 114.7 MB.

Unloading 9 unused Assets to reduce memory usage. Loaded Objects now: 2730.
Total: 2.618800 ms (FindLiveObjects: 0.374100 ms CreateObjectMapping: 0.109900 ms MarkObjects: 2.065200 ms  DeleteObjects: 0.068100 ms)

========================================================================
Received Prepare
Registering precompiled user dll's ...
Registered in 0.000842 seconds.
Begin MonoManager ReloadAssembly
Native extension for WindowsStandalone target not found
Refreshing native plugins compatible for Editor in 0.57 ms, found 1 plugins.
Preloading 0 native plugins for Editor in 0.00 ms.
Invoked RoslynAnalysisRunner static constructor.
RoslynAnalysisRunner will not be running.
RoslynAnalysisRunner has terminated.
Mono: successfully reloaded assembly
- Completed reload, in  0.799 seconds
Platform modules already initialized, skipping
Refreshing native plugins compatible for Editor in 0.46 ms, found 1 plugins.
Preloading 0 native plugins for Editor in 0.00 ms.
Unloading 2078 Unused Serialized files (Serialized files now loaded: 0)
System memory in use before: 114.5 MB.
System memory in use after: 114.7 MB.

Unloading 9 unused Assets to reduce memory usage. Loaded Objects now: 2734.
Total: 2.573100 ms (FindLiveObjects: 0.325500 ms CreateObjectMapping: 0.101300 ms MarkObjects: 2.045400 ms  DeleteObjects: 0.099300 ms)

========================================================================
Received Prepare
Registering precompiled user dll's ...
Registered in 0.000842 seconds.
Begin MonoManager ReloadAssembly
Native extension for WindowsStandalone target not found
Refreshing native plugins compatible for Editor in 0.43 ms, found 1 plugins.
Preloading 0 native plugins for Editor in 0.00 ms.
Invoked RoslynAnalysisRunner static constructor.
RoslynAnalysisRunner will not be running.
RoslynAnalysisRunner has terminated.
Mono: successfully reloaded assembly
- Completed reload, in  0.739 seconds
Platform modules already initialized, skipping
Refreshing native plugins compatible for Editor in 0.48 ms, found 1 plugins.
Preloading 0 native plugins for Editor in 0.00 ms.
Unloading 2078 Unused Serialized files (Serialized files now loaded: 0)
System memory in use before: 114.5 MB.
System memory in use after: 114.7 MB.

Unloading 9 unused Assets to reduce memory usage. Loaded Objects now: 2738.
Total: 2.535200 ms (FindLiveObjects: 0.380200 ms CreateObjectMapping: 0.103000 ms MarkObjects: 1.981400 ms  DeleteObjects: 0.066900 ms)

========================================================================
Received Prepare
Registering precompiled user dll's ...
Registered in 0.000861 seconds.
Begin MonoManager ReloadAssembly
Native extension for WindowsStandalone target not found
Refreshing native plugins compatible for Editor in 0.43 ms, found 1 plugins.
Preloading 0 native plugins for Editor in 0.00 ms.
Invoked RoslynAnalysisRunner static constructor.
RoslynAnalysisRunner will not be running.
RoslynAnalysisRunner has terminated.
Mono: successfully reloaded assembly
- Completed reload, in  0.760 seconds
Platform modules already initialized, skipping
Refreshing native plugins compatible for Editor in 0.43 ms, found 1 plugins.
Preloading 0 native plugins for Editor in 0.00 ms.
Unloading 2078 Unused Serialized files (Serialized files now loaded: 0)
System memory in use before: 114.5 MB.
System memory in use after: 114.7 MB.

Unloading 9 unused Assets to reduce memory usage. Loaded Objects now: 2742.
Total: 3.271800 ms (FindLiveObjects: 0.655900 ms CreateObjectMapping: 0.120300 ms MarkObjects: 2.426400 ms  DeleteObjects: 0.067500 ms)

========================================================================
Received Prepare
Registering precompiled user dll's ...
Registered in 0.000983 seconds.
Begin MonoManager ReloadAssembly
Native extension for WindowsStandalone target not found
Refreshing native plugins compatible for Editor in 0.45 ms, found 1 plugins.
Preloading 0 native plugins for Editor in 0.00 ms.
Invoked RoslynAnalysisRunner static constructor.
RoslynAnalysisRunner will not be running.
RoslynAnalysisRunner has terminated.
Mono: successfully reloaded assembly
- Completed reload, in  0.776 seconds
Platform modules already initialized, skipping
Refreshing native plugins compatible for Editor in 0.43 ms, found 1 plugins.
Preloading 0 native plugins for Editor in 0.00 ms.
Unloading 2078 Unused Serialized files (Serialized files now loaded: 0)
System memory in use before: 114.5 MB.
System memory in use after: 114.7 MB.

Unloading 9 unused Assets to reduce memory usage. Loaded Objects now: 2746.
Total: 2.992200 ms (FindLiveObjects: 0.270500 ms CreateObjectMapping: 0.054900 ms MarkObjects: 2.598000 ms  DeleteObjects: 0.066900 ms)

========================================================================
Received Prepare
Registering precompiled user dll's ...
Registered in 0.001060 seconds.
Begin MonoManager ReloadAssembly
Native extension for WindowsStandalone target not found
Refreshing native plugins compatible for Editor in 0.46 ms, found 1 plugins.
Preloading 0 native plugins for Editor in 0.00 ms.
Invoked RoslynAnalysisRunner static constructor.
RoslynAnalysisRunner will not be running.
RoslynAnalysisRunner has terminated.
Mono: successfully reloaded assembly
- Completed reload, in  0.789 seconds
Platform modules already initialized, skipping
Refreshing native plugins compatible for Editor in 0.43 ms, found 1 plugins.
Preloading 0 native plugins for Editor in 0.00 ms.
Unloading 2078 Unused Serialized files (Serialized files now loaded: 0)
System memory in use before: 114.5 MB.
System memory in use after: 114.7 MB.

Unloading 9 unused Assets to reduce memory usage. Loaded Objects now: 2750.
Total: 2.611400 ms (FindLiveObjects: 0.349600 ms CreateObjectMapping: 0.105900 ms MarkObjects: 2.085500 ms  DeleteObjects: 0.068200 ms)

========================================================================
Received Prepare
Refreshing native plugins compatible for Editor in 1.52 ms, found 1 plugins.
Preloading 0 native plugins for Editor in 0.00 ms.
Unloading 6 Unused Serialized files (Serialized files now loaded: 0)
System memory in use before: 73.5 MB.
System memory in use after: 73.7 MB.

Unloading 6 unused Assets to reduce memory usage. Loaded Objects now: 2750.
Total: 2.977300 ms (FindLiveObjects: 0.326800 ms CreateObjectMapping: 0.104800 ms MarkObjects: 2.479600 ms  DeleteObjects: 0.064000 ms)

========================================================================
Received Prepare
Refreshing native plugins compatible for Editor in 1.37 ms, found 1 plugins.
Preloading 0 native plugins for Editor in 0.00 ms.
Unloading 6 Unused Serialized files (Serialized files now loaded: 0)
System memory in use before: 73.5 MB.
System memory in use after: 73.7 MB.

Unloading 6 unused Assets to reduce memory usage. Loaded Objects now: 2750.
Total: 3.334700 ms (FindLiveObjects: 0.283100 ms CreateObjectMapping: 0.152400 ms MarkObjects: 2.825600 ms  DeleteObjects: 0.072300 ms)

AssetImportWorkerClient::OnTransportError - code=2 error=End of file
